\BOOKMARK [0][-]{chapter.1}{Introduction}{}% 1
\BOOKMARK [1][-]{section.1.1}{P VS NP Problem - A Brief Introduction}{chapter.1}% 2
\BOOKMARK [1][-]{section.1.2}{An Explanation of Polynomial Time}{chapter.1}% 3
\BOOKMARK [1][-]{section.1.3}{Analysis of Project}{chapter.1}% 4
\BOOKMARK [1][-]{section.1.4}{Outline of Chapters}{chapter.1}% 5
\BOOKMARK [0][-]{chapter.2}{P VS NP - A History \046 Analysis}{}% 6
\BOOKMARK [1][-]{section.2.1}{Brute Force Explained}{chapter.2}% 7
\BOOKMARK [1][-]{section.2.2}{Origins of P VS NP}{chapter.2}% 8
\BOOKMARK [1][-]{section.2.3}{P VS NP Real World Example}{chapter.2}% 9
\BOOKMARK [1][-]{section.2.4}{Analysis of Current State of Problem and Research}{chapter.2}% 10
\BOOKMARK [0][-]{chapter.3}{Analysis Of Selected Papers}{}% 11
\BOOKMARK [1][-]{subsection.3.0.1}{Selected Paper: Evidence In Favour of P = NP}{chapter.3}% 12
\BOOKMARK [2][-]{subsection.3.0.2}{Selected Paper: Evidence Against P = NP}{subsection.3.0.1}% 13
\BOOKMARK [1][-]{section.3.1}{Analysis of Papers Reviewed}{chapter.3}% 14
\BOOKMARK [2][-]{subsection.3.1.1}{The History and Status of the P versus NP Question: An Analysis}{section.3.1}% 15
\BOOKMARK [2][-]{subsection.3.1.2}{P = NP: An Analysis}{section.3.1}% 16
\BOOKMARK [2][-]{subsection.3.1.3}{P != NP: An Analysis}{section.3.1}% 17
\BOOKMARK [0][-]{chapter.4}{Importance of P VS NP}{}% 18
\BOOKMARK [1][-]{subsection.4.0.1}{Summary}{chapter.4}% 19
\BOOKMARK [2][-]{subsection.4.0.2}{A Very Salient Problem}{subsection.4.0.1}% 20
\BOOKMARK [0][-]{chapter.5}{Conclusion}{}% 21
\BOOKMARK [1][-]{subsection.5.0.1}{Final Thoughts}{chapter.5}% 22
\BOOKMARK [2][-]{subsection.5.0.2}{In closing...}{subsection.5.0.1}% 23
